<?xml version="1.0" encoding="UTF-8"?>
<!-- Generated by org.testng.reporters.JUnitXMLReporter -->
<testsuite ignored="0" hostname="LAPTOP-Q8T1KS2C" failures="1" tests="1" name="Validate Title" time="12.913" errors="0" timestamp="07 Mar 2021 12:14:47 GMT">
  <testcase classname="tests.validateTitleTest" name="validateAppTitle" time="0.031">
    <failure type="java.lang.AssertionError" message="expected [FEATURED CO123URSES] but found [FEATURED COURSES]">
      <![CDATA[java.lang.AssertionError: expected [FEATURED CO123URSES] but found [FEATURED COURSES]
at tests.validateTitleTest.validateAppTitle(validateTitleTest.java:38)
... Removed 31 stack frames]]>
    </failure>
  </testcase> <!-- validateAppTitle -->
</testsuite> <!-- Validate Title -->
