<?xml version="1.0" encoding="UTF-8"?>
<testng-results ignored="0" total="1" passed="1" failed="0" skipped="0">
  <reporter-output>
  </reporter-output>
  <suite started-at="2021-03-06T12:38:59Z" name="Suite" finished-at="2021-03-06T12:39:10Z" duration-ms="10966">
    <groups>
    </groups>
    <test started-at="2021-03-06T12:38:59Z" name="Test" finished-at="2021-03-06T12:39:10Z" duration-ms="10966">
      <class name="tests.RediffPageTest">
        <test-method is-config="true" signature="startup()[pri:0, instance:tests.RediffPageTest@64b73e7a]" started-at="2021-03-06T12:38:59Z" name="startup" finished-at="2021-03-06T12:39:01Z" duration-ms="2021" status="PASS">
          <reporter-output>
          </reporter-output>
        </test-method> <!-- startup -->
        <test-method signature="start()[pri:0, instance:tests.RediffPageTest@64b73e7a]" started-at="2021-03-06T12:39:01Z" name="start" finished-at="2021-03-06T12:39:06Z" duration-ms="4689" status="PASS">
          <reporter-output>
          </reporter-output>
        </test-method> <!-- start -->
        <test-method is-config="true" signature="teardown()[pri:0, instance:tests.RediffPageTest@64b73e7a]" started-at="2021-03-06T12:39:06Z" name="teardown" finished-at="2021-03-06T12:39:10Z" duration-ms="4231" status="PASS">
          <reporter-output>
          </reporter-output>
        </test-method> <!-- teardown -->
      </class> <!-- tests.RediffPageTest -->
    </test> <!-- Test -->
  </suite> <!-- Suite -->
</testng-results>
